<?xml version="1.0" encoding="UTF-8"?>
<testsuite name="com.dev2drop.cleanring.util.SpamRuleEvaluatorTest" tests="4" skipped="0" failures="0" errors="0" timestamp="2026-09-13T18:33:15.986Z" hostname="Rohits-MacBook-Air.local" time="0.002">
  <properties/>
  <testcase name="testPausedRuleIsIgnored" classname="com.dev2drop.cleanring.util.SpamRuleEvaluatorTest" time="0.001"/>
  <testcase name="testAllowExceptionOverridesBlockRule" classname="com.dev2drop.cleanring.util.SpamRuleEvaluatorTest" time="0.001"/>
  <testcase name="testPrefixBlockRule" classname="com.dev2drop.cleanring.util.SpamRuleEvaluatorTest" time="0.0"/>
  <testcase name="testExactBlockRule" classname="com.dev2drop.cleanring.util.SpamRuleEvaluatorTest" time="0.0"/>
  <system-out><![CDATA[]]></system-out>
  <system-err><![CDATA[]]></system-err>
</testsuite>
