<?xml version="1.0" encoding="UTF-8"?>
<testsuite name="com.dev2drop.cleanring.util.CountryScopedRuleTest" tests="4" skipped="0" failures="0" errors="0" timestamp="2026-09-14T20:33:24.426Z" hostname="Rohits-MacBook-Air.local" time="0.036">
  <properties/>
  <testcase name="testPatternNormalizationAndValidation" classname="com.dev2drop.cleanring.util.CountryScopedRuleTest" time="0.024"/>
  <testcase name="testCountryFlagEmoji" classname="com.dev2drop.cleanring.util.CountryScopedRuleTest" time="0.0"/>
  <testcase name="testPatternSanitizerForSelectedCountry" classname="com.dev2drop.cleanring.util.CountryScopedRuleTest" time="0.002"/>
  <testcase name="testCountryScopedRuleMatching" classname="com.dev2drop.cleanring.util.CountryScopedRuleTest" time="0.01"/>
  <system-out><![CDATA[]]></system-out>
  <system-err><![CDATA[]]></system-err>
</testsuite>
